<?xml version="1.0" encoding="UTF-8"?>
<testng-results skipped="0" failed="0" ignored="0" total="0" passed="0">
  <reporter-output>
  </reporter-output>
  <suite name="bet356.bet356.AppTest" duration-ms="6" started-at="2017-03-14T15:06:04Z" finished-at="2017-03-14T15:06:04Z">
    <groups>
    </groups>
    <test name="Command line test" duration-ms="6" started-at="2017-03-14T15:06:04Z" finished-at="2017-03-14T15:06:04Z">
    </test> <!-- Command line test -->
  </suite> <!-- bet356.bet356.AppTest -->
</testng-results>
